{"hypothesisId": "E", "location": "02_data_transformation_philgeps.py:78", "message": "top_modes len", "data": {"len": 10, "top_modes": ["Public Bidding", "Negotiated Procurement - Small Value Procurement (Sec. 53.9)", "Shopping - Ordinary/Regular Office Supplies & Equipment (Sec. 52.1.b)"]}, "timestamp": 0}
{"hypothesisId": "A", "location": "02_data_transformation_philgeps.py:denom", "message": "rows_count zeros", "data": {"zeros": 0, "denom_min": 1.0}, "timestamp": 0}
{"hypothesisId": "A", "location": "02_data_transformation_philgeps.py:denom", "message": "rows_count zeros", "data": {"zeros": 0, "denom_min": 1.0}, "timestamp": 0}
{"hypothesisId": "A", "location": "02_data_transformation_philgeps.py:denom", "message": "rows_count zeros", "data": {"zeros": 0, "denom_min": 1.0}, "timestamp": 0}
{"hypothesisId": "A", "location": "02_data_transformation_philgeps.py:denom", "message": "rows_count zeros", "data": {"zeros": 0, "denom_min": 1.0}, "timestamp": 0}
{"hypothesisId": "A", "location": "02_data_transformation_philgeps.py:denom", "message": "rows_count zeros", "data": {"zeros": 0, "denom_min": 1.0}, "timestamp": 0}
{"hypothesisId": "A", "location": "02_data_transformation_philgeps.py:denom", "message": "rows_count zeros", "data": {"zeros": 0, "denom_min": 1.0}, "timestamp": 0}
{"hypothesisId": "A", "location": "02_data_transformation_philgeps.py:denom", "message": "rows_count zeros", "data": {"zeros": 0, "denom_min": 1.0}, "timestamp": 0}
{"hypothesisId": "A", "location": "02_data_transformation_philgeps.py:denom", "message": "rows_count zeros", "data": {"zeros": 0, "denom_min": 1.0}, "timestamp": 0}
{"hypothesisId": "A", "location": "02_data_transformation_philgeps.py:denom", "message": "rows_count zeros", "data": {"zeros": 0, "denom_min": 1.0}, "timestamp": 0}
{"hypothesisId": "A", "location": "02_data_transformation_philgeps.py:denom", "message": "rows_count zeros", "data": {"zeros": 0, "denom_min": 1.0}, "timestamp": 0}
{"hypothesisId": "B", "location": "_common.py:analyze_outliers", "message": "feature s empty", "data": {"col": "contract_amount_total", "s_empty": false, "s_len": 4006}, "timestamp": 0}
{"hypothesisId": "B", "location": "_common.py:analyze_outliers", "message": "feature s empty", "data": {"col": "contract_amount_mean", "s_empty": false, "s_len": 4006}, "timestamp": 0}
{"hypothesisId": "B", "location": "_common.py:analyze_outliers", "message": "feature s empty", "data": {"col": "num_awards", "s_empty": false, "s_len": 4006}, "timestamp": 0}
{"hypothesisId": "B", "location": "_common.py:analyze_outliers", "message": "feature s empty", "data": {"col": "regions_served_nunique", "s_empty": false, "s_len": 4006}, "timestamp": 0}
{"hypothesisId": "B", "location": "_common.py:analyze_outliers", "message": "feature s empty", "data": {"col": "rows_count", "s_empty": false, "s_len": 4006}, "timestamp": 0}
{"hypothesisId": "B", "location": "_common.py:analyze_outliers", "message": "feature s empty", "data": {"col": "item_budget", "s_empty": false, "s_len": 35878}, "timestamp": 0}
{"hypothesisId": "B", "location": "_common.py:analyze_outliers", "message": "feature s empty", "data": {"col": "quantity", "s_empty": false, "s_len": 35878}, "timestamp": 0}
{"hypothesisId": "B", "location": "_common.py:analyze_outliers", "message": "feature s empty", "data": {"col": "log1p_item_budget", "s_empty": false, "s_len": 35878}, "timestamp": 0}
{"hypothesisId": "B", "location": "_common.py:analyze_outliers", "message": "feature s empty", "data": {"col": "log1p_quantity", "s_empty": false, "s_len": 35878}, "timestamp": 0}
{"hypothesisId": "D", "location": "06_visualization_kmeans.py", "message": "X vs labels row check", "data": {"X_rows": 4006, "kmeans_rows": 4006, "match": true}, "timestamp": 0}
{"hypothesisId": "D", "location": "06_visualization_kmeans.py", "message": "X vs labels row check", "data": {"X_rows": 35878, "kmeans_rows": 35878, "match": true}, "timestamp": 0}
{"hypothesisId": "D", "location": "06_visualization_kmeans.py", "message": "X vs labels row check", "data": {"X_rows": 464, "kmeans_rows": 464, "match": true}, "timestamp": 0}
